# JRE version: OpenJDK Runtime Environment GraalVM CE 22.3.0 (17.0.5+8) (build 17.0.5+8-jvmci-22.3-b08)
# Java VM: OpenJDK 64-Bit Server VM GraalVM CE 22.3.0 (17.0.5+8-jvmci-22.3-b08, mixed mode, sharing, tiered, jvmci, jvmci compiler, compressed oops, compressed class ptrs, parallel gc, linux-amd64)
GC Precious Log:
 CPUs: 8 total, 1 available
 Memory: 1024M
 Large Page Support: Disabled
 NUMA Support: Disabled
 Compressed Oops: Enabled (32-bit)
 Alignments: Space 512K, Generation 512K, Heap 2M
 Heap Min Capacity: 100M
 Heap Initial Capacity: 100M
 Heap Max Capacity: 512M
 Pre-touch: Disabled
 Parallel Workers: 1
Heap:
 PSYoungGen      total 46592K, used 30719K [0x00000000f5580000, 0x00000000f9400000, 0x0000000100000000)
  eden space 30720K, 99% used [0x00000000f5580000,0x00000000f737fff0,0x00000000f7380000)
  from space 15872K, 0% used [0x00000000f7380000,0x00000000f7380000,0x00000000f8300000)
  to   space 15360K, 0% used [0x00000000f8380000,0x00000000f8380000,0x00000000f9280000)
 ParOldGen       total 349696K, used 349694K [0x00000000e0000000, 0x00000000f5580000, 0x00000000f5580000)
  object space 349696K, 99% used [0x00000000e0000000,0x00000000f557f8e0,0x00000000f5580000)
 Metaspace       used 63766K, committed 64768K, reserved 1114112K
  class space    used 6225K, committed 6656K, reserved 1048576K
GC Heap History (20 events):
Event: 1100.997 GC heap before
{Heap before GC invocations=507 (full 385):
 PSYoungGen      total 46592K, used 30720K [0x00000000f5580000, 0x00000000f9400000, 0x0000000100000000)
  eden space 30720K, 100% used [0x00000000f5580000,0x00000000f7380000,0x00000000f7380000)
  from space 15872K, 0% used [0x00000000f7380000,0x00000000f7380000,0x00000000f8300000)
  to   space 15360K, 0% used [0x00000000f8380000,0x00000000f8380000,0x00000000f9280000)
 ParOldGen       total 349696K, used 349690K [0x00000000e0000000, 0x00000000f5580000, 0x00000000f5580000)
  object space 349696K, 99% used [0x00000000e0000000,0x00000000f557e880,0x00000000f5580000)
 Metaspace       used 63766K, committed 64768K, reserved 1114112K
  class space    used 6225K, committed 6656K, reserved 1048576K
}
Event: 1103.592 GC heap after
{Heap after GC invocations=507 (full 385):
 PSYoungGen      total 46080K, used 30719K [0x00000000f5580000, 0x00000000f9400000, 0x0000000100000000)
  eden space 30720K, 99% used [0x00000000f5580000,0x00000000f737fe60,0x00000000f7380000)
  from space 15360K, 0% used [0x00000000f8380000,0x00000000f8380000,0x00000000f9280000)
  to   space 15872K, 0% used [0x00000000f7380000,0x00000000f7380000,0x00000000f8300000)
 ParOldGen       total 349696K, used 349689K [0x00000000e0000000, 0x00000000f5580000, 0x00000000f5580000)
  object space 349696K, 99% used [0x00000000e0000000,0x00000000f557e7d8,0x00000000f5580000)
 Metaspace       used 63766K, committed 64768K, reserved 1114112K
  class space    used 6225K, committed 6656K, reserved 1048576K
}
Event: 1103.593 GC heap before
{Heap before GC invocations=508 (full 386):
 PSYoungGen      total 46080K, used 30720K [0x00000000f5580000, 0x00000000f9400000, 0x0000000100000000)
  eden space 30720K, 100% used [0x00000000f5580000,0x00000000f7380000,0x00000000f7380000)
  from space 15360K, 0% used [0x00000000f8380000,0x00000000f8380000,0x00000000f9280000)
  to   space 15872K, 0% used [0x00000000f7380000,0x00000000f7380000,0x00000000f8300000)
 ParOldGen       total 349696K, used 349689K [0x00000000e0000000, 0x00000000f5580000, 0x00000000f5580000)
  object space 349696K, 99% used [0x00000000e0000000,0x00000000f557e7d8,0x00000000f5580000)
 Metaspace       used 63766K, committed 64768K, reserved 1114112K
  class space    used 6225K, committed 6656K, reserved 1048576K
}
Event: 1106.173 GC heap after
{Heap after GC invocations=508 (full 386):
 PSYoungGen      total 46592K, used 30720K [0x00000000f5580000, 0x00000000f9400000, 0x0000000100000000)
  eden space 30720K, 100% used [0x00000000f5580000,0x00000000f7380000,0x00000000f7380000)
  from space 15872K, 0% used [0x00000000f7380000,0x00000000f7380000,0x00000000f8300000)
  to   space 15360K, 0% used [0x00000000f8380000,0x00000000f8380000,0x00000000f9280000)
 ParOldGen       total 349696K, used 349689K [0x00000000e0000000, 0x00000000f5580000, 0x00000000f5580000)
  object space 349696K, 99% used [0x00000000e0000000,0x00000000f557e7d8,0x00000000f5580000)
 Metaspace       used 63766K, committed 64768K, reserved 1114112K
  class space    used 6225K, committed 6656K, reserved 1048576K
}
Event: 1106.179 GC heap before
{Heap before GC invocations=509 (full 387):
 PSYoungGen      total 46592K, used 30720K [0x00000000f5580000, 0x00000000f9400000, 0x0000000100000000)
  eden space 30720K, 100% used [0x00000000f5580000,0x00000000f7380000,0x00000000f7380000)
  from space 15872K, 0% used [0x00000000f7380000,0x00000000f7380000,0x00000000f8300000)
  to   space 15360K, 0% used [0x00000000f8380000,0x00000000f8380000,0x00000000f9280000)
 ParOldGen       total 349696K, used 349693K [0x00000000e0000000, 0x00000000f5580000, 0x00000000f5580000)
  object space 349696K, 99% used [0x00000000e0000000,0x00000000f557f590,0x00000000f5580000)
 Metaspace       used 63766K, committed 64768K, reserved 1114112K
  class space    used 6225K, committed 6656K, reserved 1048576K
}
Event: 1108.782 GC heap after
{Heap after GC invocations=509 (full 387):
 PSYoungGen      total 46080K, used 30719K [0x00000000f5580000, 0x00000000f9400000, 0x0000000100000000)
  eden space 30720K, 99% used [0x00000000f5580000,0x00000000f737fe48,0x00000000f7380000)
  from space 15360K, 0% used [0x00000000f8380000,0x00000000f8380000,0x00000000f9280000)
  to   space 15872K, 0% used [0x00000000f7380000,0x00000000f7380000,0x00000000f8300000)
 ParOldGen       total 349696K, used 349692K [0x00000000e0000000, 0x00000000f5580000, 0x00000000f5580000)
  object space 349696K, 99% used [0x00000000e0000000,0x00000000f557f3e8,0x00000000f5580000)
 Metaspace       used 63766K, committed 64768K, reserved 1114112K
  class space    used 6225K, committed 6656K, reserved 1048576K
}
Event: 1108.784 GC heap before
{Heap before GC invocations=510 (full 388):
 PSYoungGen      total 46080K, used 30720K [0x00000000f5580000, 0x00000000f9400000, 0x0000000100000000)
  eden space 30720K, 100% used [0x00000000f5580000,0x00000000f7380000,0x00000000f7380000)
  from space 15360K, 0% used [0x00000000f8380000,0x00000000f8380000,0x00000000f9280000)
  to   space 15872K, 0% used [0x00000000f7380000,0x00000000f7380000,0x00000000f8300000)
 ParOldGen       total 349696K, used 349692K [0x00000000e0000000, 0x00000000f5580000, 0x00000000f5580000)
  object space 349696K, 99% used [0x00000000e0000000,0x00000000f557f3e8,0x00000000f5580000)
 Metaspace       used 63766K, committed 64768K, reserved 1114112K
  class space    used 6225K, committed 6656K, reserved 1048576K
}
Event: 1111.112 GC heap after
{Heap after GC invocations=510 (full 388):
 PSYoungGen      total 46592K, used 30719K [0x00000000f5580000, 0x00000000f9400000, 0x0000000100000000)
  eden space 30720K, 99% used [0x00000000f5580000,0x00000000f737fea0,0x00000000f7380000)
  from space 15872K, 0% used [0x00000000f7380000,0x00000000f7380000,0x00000000f8300000)
  to   space 15360K, 0% used [0x00000000f8380000,0x00000000f8380000,0x00000000f9280000)
 ParOldGen       total 349696K, used 349692K [0x00000000e0000000, 0x00000000f5580000, 0x00000000f5580000)
  object space 349696K, 99% used [0x00000000e0000000,0x00000000f557f3e8,0x00000000f5580000)
 Metaspace       used 63766K, committed 64768K, reserved 1114112K
  class space    used 6225K, committed 6656K, reserved 1048576K
}
Event: 1111.114 GC heap before
{Heap before GC invocations=511 (full 389):
 PSYoungGen      total 46592K, used 30719K [0x00000000f5580000, 0x00000000f9400000, 0x0000000100000000)
  eden space 30720K, 99% used [0x00000000f5580000,0x00000000f737ffd0,0x00000000f7380000)
  from space 15872K, 0% used [0x00000000f7380000,0x00000000f7380000,0x00000000f8300000)
  to   space 15360K, 0% used [0x00000000f8380000,0x00000000f8380000,0x00000000f9280000)
 ParOldGen       total 349696K, used 349692K [0x00000000e0000000, 0x00000000f5580000, 0x00000000f5580000)
  object space 349696K, 99% used [0x00000000e0000000,0x00000000f557f3e8,0x00000000f5580000)
 Metaspace       used 63766K, committed 64768K, reserved 1114112K
  class space    used 6225K, committed 6656K, reserved 1048576K
}
Event: 1113.411 GC heap after
{Heap after GC invocations=511 (full 389):
 PSYoungGen      total 46080K, used 30719K [0x00000000f5580000, 0x00000000f9400000, 0x0000000100000000)
  eden space 30720K, 99% used [0x00000000f5580000,0x00000000f737ffb0,0x00000000f7380000)
  from space 15360K, 0% used [0x00000000f8380000,0x00000000f8380000,0x00000000f9280000)
  to   space 15872K, 0% used [0x00000000f7380000,0x00000000f7380000,0x00000000f8300000)
 ParOldGen       total 349696K, used 349692K [0x00000000e0000000, 0x00000000f5580000, 0x00000000f5580000)
  object space 349696K, 99% used [0x00000000e0000000,0x00000000f557f3e8,0x00000000f5580000)
 Metaspace       used 63766K, committed 64768K, reserved 1114112K
  class space    used 6225K, committed 6656K, reserved 1048576K
}
Event: 1113.411 GC heap before
{Heap before GC invocations=512 (full 390):
 PSYoungGen      total 46080K, used 30719K [0x00000000f5580000, 0x00000000f9400000, 0x0000000100000000)
  eden space 30720K, 99% used [0x00000000f5580000,0x00000000f737fff0,0x00000000f7380000)
  from space 15360K, 0% used [0x00000000f8380000,0x00000000f8380000,0x00000000f9280000)
  to   space 15872K, 0% used [0x00000000f7380000,0x00000000f7380000,0x00000000f8300000)
 ParOldGen       total 349696K, used 349692K [0x00000000e0000000, 0x00000000f5580000, 0x00000000f5580000)
  object space 349696K, 99% used [0x00000000e0000000,0x00000000f557f3e8,0x00000000f5580000)
 Metaspace       used 63766K, committed 64768K, reserved 1114112K
  class space    used 6225K, committed 6656K, reserved 1048576K
}
Event: 1115.701 GC heap after
{Heap after GC invocations=512 (full 390):
 PSYoungGen      total 46592K, used 30719K [0x00000000f5580000, 0x00000000f9400000, 0x0000000100000000)
  eden space 30720K, 99% used [0x00000000f5580000,0x00000000f737fff0,0x00000000f7380000)
  from space 15872K, 0% used [0x00000000f7380000,0x00000000f7380000,0x00000000f8300000)
  to   space 15360K, 0% used [0x00000000f8380000,0x00000000f8380000,0x00000000f9280000)
 ParOldGen       total 349696K, used 349692K [0x00000000e0000000, 0x00000000f5580000, 0x00000000f5580000)
  object space 349696K, 99% used [0x00000000e0000000,0x00000000f557f3e8,0x00000000f5580000)
 Metaspace       used 63766K, committed 64768K, reserved 1114112K
  class space    used 6225K, committed 6656K, reserved 1048576K
}
Event: 1115.705 GC heap before
{Heap before GC invocations=513 (full 391):
 PSYoungGen      total 46592K, used 30720K [0x00000000f5580000, 0x00000000f9400000, 0x0000000100000000)
  eden space 30720K, 100% used [0x00000000f5580000,0x00000000f7380000,0x00000000f7380000)
  from space 15872K, 0% used [0x00000000f7380000,0x00000000f7380000,0x00000000f8300000)
  to   space 15360K, 0% used [0x00000000f8380000,0x00000000f8380000,0x00000000f9280000)
 ParOldGen       total 349696K, used 349694K [0x00000000e0000000, 0x00000000f5580000, 0x00000000f5580000)
  object space 349696K, 99% used [0x00000000e0000000,0x00000000f557fae8,0x00000000f5580000)
 Metaspace       used 63766K, committed 64768K, reserved 1114112K
  class space    used 6225K, committed 6656K, reserved 1048576K
}
Event: 1118.086 GC heap after
{Heap after GC invocations=513 (full 391):
 PSYoungGen      total 46080K, used 30719K [0x00000000f5580000, 0x00000000f9400000, 0x0000000100000000)
  eden space 30720K, 99% used [0x00000000f5580000,0x00000000f737fff0,0x00000000f7380000)
  from space 15360K, 0% used [0x00000000f8380000,0x00000000f8380000,0x00000000f9280000)
  to   space 15872K, 0% used [0x00000000f7380000,0x00000000f7380000,0x00000000f8300000)
 ParOldGen       total 349696K, used 349693K [0x00000000e0000000, 0x00000000f5580000, 0x00000000f5580000)
  object space 349696K, 99% used [0x00000000e0000000,0x00000000f557f7f8,0x00000000f5580000)
 Metaspace       used 63766K, committed 64768K, reserved 1114112K
  class space    used 6225K, committed 6656K, reserved 1048576K
}
Event: 1118.087 GC heap before
{Heap before GC invocations=514 (full 392):
 PSYoungGen      total 46080K, used 30719K [0x00000000f5580000, 0x00000000f9400000, 0x0000000100000000)
  eden space 30720K, 99% used [0x00000000f5580000,0x00000000f737fff0,0x00000000f7380000)
  from space 15360K, 0% used [0x00000000f8380000,0x00000000f8380000,0x00000000f9280000)
  to   space 15872K, 0% used [0x00000000f7380000,0x00000000f7380000,0x00000000f8300000)
 ParOldGen       total 349696K, used 349693K [0x00000000e0000000, 0x00000000f5580000, 0x00000000f5580000)
  object space 349696K, 99% used [0x00000000e0000000,0x00000000f557f7f8,0x00000000f5580000)
 Metaspace       used 63766K, committed 64768K, reserved 1114112K
  class space    used 6225K, committed 6656K, reserved 1048576K
}
Event: 1120.486 GC heap after
{Heap after GC invocations=514 (full 392):
 PSYoungGen      total 46592K, used 30719K [0x00000000f5580000, 0x00000000f9400000, 0x0000000100000000)
  eden space 30720K, 99% used [0x00000000f5580000,0x00000000f737fff0,0x00000000f7380000)
  from space 15872K, 0% used [0x00000000f7380000,0x00000000f7380000,0x00000000f8300000)
  to   space 15360K, 0% used [0x00000000f8380000,0x00000000f8380000,0x00000000f9280000)
 ParOldGen       total 349696K, used 349693K [0x00000000e0000000, 0x00000000f5580000, 0x00000000f5580000)
  object space 349696K, 99% used [0x00000000e0000000,0x00000000f557f7f8,0x00000000f5580000)
 Metaspace       used 63766K, committed 64768K, reserved 1114112K
  class space    used 6225K, committed 6656K, reserved 1048576K
}
Event: 1120.490 GC heap before
{Heap before GC invocations=515 (full 393):
 PSYoungGen      total 46592K, used 30719K [0x00000000f5580000, 0x00000000f9400000, 0x0000000100000000)
  eden space 30720K, 99% used [0x00000000f5580000,0x00000000f737fff0,0x00000000f7380000)
  from space 15872K, 0% used [0x00000000f7380000,0x00000000f7380000,0x00000000f8300000)
  to   space 15360K, 0% used [0x00000000f8380000,0x00000000f8380000,0x00000000f9280000)
 ParOldGen       total 349696K, used 349693K [0x00000000e0000000, 0x00000000f5580000, 0x00000000f5580000)
  object space 349696K, 99% used [0x00000000e0000000,0x00000000f557f7f8,0x00000000f5580000)
 Metaspace       used 63766K, committed 64768K, reserved 1114112K
  class space    used 6225K, committed 6656K, reserved 1048576K
}
Event: 1122.992 GC heap after
{Heap after GC invocations=515 (full 393):
 PSYoungGen      total 46080K, used 30719K [0x00000000f5580000, 0x00000000f9400000, 0x0000000100000000)
  eden space 30720K, 99% used [0x00000000f5580000,0x00000000f737fff0,0x00000000f7380000)
  from space 15360K, 0% used [0x00000000f8380000,0x00000000f8380000,0x00000000f9280000)
  to   space 15872K, 0% used [0x00000000f7380000,0x00000000f7380000,0x00000000f8300000)
 ParOldGen       total 349696K, used 349693K [0x00000000e0000000, 0x00000000f5580000, 0x00000000f5580000)
  object space 349696K, 99% used [0x00000000e0000000,0x00000000f557f7f8,0x00000000f5580000)
 Metaspace       used 63766K, committed 64768K, reserved 1114112K
  class space    used 6225K, committed 6656K, reserved 1048576K
}
Event: 1122.992 GC heap before
{Heap before GC invocations=516 (full 394):
 PSYoungGen      total 46080K, used 30719K [0x00000000f5580000, 0x00000000f9400000, 0x0000000100000000)
  eden space 30720K, 99% used [0x00000000f5580000,0x00000000f737fff0,0x00000000f7380000)
  from space 15360K, 0% used [0x00000000f8380000,0x00000000f8380000,0x00000000f9280000)
  to   space 15872K, 0% used [0x00000000f7380000,0x00000000f7380000,0x00000000f8300000)
 ParOldGen       total 349696K, used 349693K [0x00000000e0000000, 0x00000000f5580000, 0x00000000f5580000)
  object space 349696K, 99% used [0x00000000e0000000,0x00000000f557f7f8,0x00000000f5580000)
 Metaspace       used 63766K, committed 64768K, reserved 1114112K
  class space    used 6225K, committed 6656K, reserved 1048576K
}
Event: 1125.400 GC heap after
{Heap after GC invocations=516 (full 394):
 PSYoungGen      total 46592K, used 30719K [0x00000000f5580000, 0x00000000f9400000, 0x0000000100000000)
  eden space 30720K, 99% used [0x00000000f5580000,0x00000000f737fff0,0x00000000f7380000)
  from space 15872K, 0% used [0x00000000f7380000,0x00000000f7380000,0x00000000f8300000)
  to   space 15360K, 0% used [0x00000000f8380000,0x00000000f8380000,0x00000000f9280000)
 ParOldGen       total 349696K, used 349693K [0x00000000e0000000, 0x00000000f5580000, 0x00000000f5580000)
  object space 349696K, 99% used [0x00000000e0000000,0x00000000f557f7f8,0x00000000f5580000)
 Metaspace       used 63766K, committed 64768K, reserved 1114112K
  class space    used 6225K, committed 6656K, reserved 1048576K
}

